Using pre-set license
Built from '2020.2/release' branch; Version is '2020.2.2f1 (068178b99f32) revision 426360'; Using compiler version '192528614'; Build Type 'Release'
OS: 'Windows 10 Pro; OS build 19041.985; Version 2004; 64bit' Language: 'es' Physical Memory: 16297 MB
BatchMode: 1, IsHumanControllingUs: 0, StartBugReporterOnCrash: 0, Is64bit: 1, IsPro: 0

 COMMAND LINE ARGUMENTS:
C:\Program Files\Unity\Hub\Editor\2020.2.2f1\Editor\Unity.exe
-adb2
-batchMode
-noUpm
-name
AssetImportWorker0
-projectPath
C:/Users/simon/Documents/GitHub/Traverser/TraverserDemoProject
-logFile
Logs/AssetImportWorker0.log
-srvPort
62770
Successfully changed project path to: C:/Users/simon/Documents/GitHub/Traverser/TraverserDemoProject
C:/Users/simon/Documents/GitHub/Traverser/TraverserDemoProject
Using Asset Import Pipeline V2.
Refreshing native plugins compatible for Editor in 60.48 ms, found 0 plugins.
Preloading 0 native plugins for Editor in 0.00 ms.
Initialize engine version: 2020.2.2f1 (068178b99f32)
[Subsystems] Discovering subsystems at path C:/Program Files/Unity/Hub/Editor/2020.2.2f1/Editor/Data/Resources/UnitySubsystems
[Subsystems] Discovering subsystems at path C:/Users/simon/Documents/GitHub/Traverser/TraverserDemoProject/Assets
GfxDevice: creating device client; threaded=0
Direct3D:
    Version:  Direct3D 11.0 [level 11.1]
    Renderer: NVIDIA GeForce RTX 2070 SUPER (ID=0x1e84)
    Vendor:   
    VRAM:     8011 MB
    Driver:   27.21.14.6677
Initialize mono
Mono path[0] = 'C:/Program Files/Unity/Hub/Editor/2020.2.2f1/Editor/Data/Managed'
Mono path[1] = 'C:/Program Files/Unity/Hub/Editor/2020.2.2f1/Editor/Data/MonoBleedingEdge/lib/mono/unityjit'
Mono config path = 'C:/Program Files/Unity/Hub/Editor/2020.2.2f1/Editor/Data/MonoBleedingEdge/etc'
Using monoOptions --debugger-agent=transport=dt_socket,embedding=1,server=y,suspend=n,address=127.0.0.1:56264
Begin MonoManager ReloadAssembly
Registering precompiled unity dll's ...
Register platform support module: C:/Program Files/Unity/Hub/Editor/2020.2.2f1/Editor/Data/PlaybackEngines/WindowsStandaloneSupport/UnityEditor.WindowsStandalone.Extensions.dll
Registered in 0.001545 seconds.
Native extension for WindowsStandalone target not found
Refreshing native plugins compatible for Editor in 62.89 ms, found 0 plugins.
Preloading 0 native plugins for Editor in 0.00 ms.
Invoked RoslynAnalysisRunner static constructor.
RoslynAnalysisRunner will not be running.
RoslynAnalysisRunner has terminated.
Mono: successfully reloaded assembly
- Completed reload, in  0.873 seconds
Platform modules already initialized, skipping
Registering precompiled user dll's ...
Registered in 0.001190 seconds.
Begin MonoManager ReloadAssembly
Native extension for WindowsStandalone target not found
Refreshing native plugins compatible for Editor in 100.30 ms, found 0 plugins.
Preloading 0 native plugins for Editor in 0.00 ms.
Invoked RoslynAnalysisRunner static constructor.
RoslynAnalysisRunner will not be running.
RoslynAnalysisRunner has terminated.
Mono: successfully reloaded assembly
- Completed reload, in  1.488 seconds
Platform modules already initialized, skipping
========================================================================
Worker process is ready to serve import requests
Launched and connected shader compiler UnityShaderCompiler.exe after 0.03 seconds
Refreshing native plugins compatible for Editor in 0.88 ms, found 0 plugins.
Preloading 0 native plugins for Editor in 0.00 ms.
Unloading 3483 Unused Serialized files (Serialized files now loaded: 0)
System memory in use before: 171.6 MB.
System memory in use after: 168.9 MB.

Unloading 44 unused Assets to reduce memory usage. Loaded Objects now: 3910.
Total: 4.277800 ms (FindLiveObjects: 0.555400 ms CreateObjectMapping: 0.211900 ms MarkObjects: 1.896000 ms  DeleteObjects: 1.613800 ms)

========================================================================
Received Import Request.
  path: Assets/Scenes/SampleScene.unity
  artifactKey: Guid(3db1837cc97a95e4c98610966fac2b0b) Importer(815301076,1909f56bfc062723c751e8b465ee728b)
Start importing Assets/Scenes/SampleScene.unity using Guid(3db1837cc97a95e4c98610966fac2b0b) Importer(815301076,1909f56bfc062723c751e8b465ee728b)  -> (artifact id: '9724bba6307544ac6221c3c1643b6638') in 0.018053 seconds
  Import took 0.023776 seconds .

========================================================================
Received Import Request.
  Time since last request: 6.677357 seconds.
  path: Packages/com.aitorsimona.traverser/Runtime/aitorsimona.traverser.runtime.asmdef
  artifactKey: Guid(7ddb2c7f6c54e204f9d3d29261011166) Importer(815301076,1909f56bfc062723c751e8b465ee728b)
Start importing Packages/com.aitorsimona.traverser/Runtime/aitorsimona.traverser.runtime.asmdef using Guid(7ddb2c7f6c54e204f9d3d29261011166) Importer(815301076,1909f56bfc062723c751e8b465ee728b)  -> (artifact id: 'd3837d1b42c55bd2f0b4e815ed98abc8') in 0.020189 seconds
  Import took 0.025134 seconds .

========================================================================
Received Import Request.
  Time since last request: 0.572931 seconds.
  path: Packages/com.aitorsimona.traverser/Runtime/Scripts
  artifactKey: Guid(5b9d6e4070f2a244ca915f50045e3660) Importer(815301076,1909f56bfc062723c751e8b465ee728b)
Start importing Packages/com.aitorsimona.traverser/Runtime/Scripts using Guid(5b9d6e4070f2a244ca915f50045e3660) Importer(815301076,1909f56bfc062723c751e8b465ee728b)  -> (artifact id: '1ebe82feb84d102fea626053ce160cd3') in 0.006231 seconds
  Import took 0.011549 seconds .

========================================================================
Received Import Request.
  Time since last request: 21.257966 seconds.
  path: Assets/Samples
  artifactKey: Guid(d37e48ba54661aa44851b615c8c34616) Importer(815301076,1909f56bfc062723c751e8b465ee728b)
Start importing Assets/Samples using Guid(d37e48ba54661aa44851b615c8c34616) Importer(815301076,1909f56bfc062723c751e8b465ee728b)  -> (artifact id: '8a5e539d56360931a42531f2282bc0bf') in 0.005764 seconds
  Import took 0.010606 seconds .

========================================================================
Received Import Request.
  Time since last request: 0.002041 seconds.
  path: Assets/Samples
  artifactKey: Guid(d37e48ba54661aa44851b615c8c34616) Importer(815301076,1909f56bfc062723c751e8b465ee728b)
Start importing Assets/Samples using Guid(d37e48ba54661aa44851b615c8c34616) Importer(815301076,1909f56bfc062723c751e8b465ee728b)  -> (artifact id: '8a5e539d56360931a42531f2282bc0bf') in 0.001916 seconds
  Import took 0.007325 seconds .

========================================================================
Received Import Request.
  Time since last request: 0.821494 seconds.
  path: Assets/Samples/Traverser
  artifactKey: Guid(96a9d3e40cc89384caccafd3f74e0f4a) Importer(815301076,1909f56bfc062723c751e8b465ee728b)
Start importing Assets/Samples/Traverser using Guid(96a9d3e40cc89384caccafd3f74e0f4a) Importer(815301076,1909f56bfc062723c751e8b465ee728b)  -> (artifact id: '9409aa60a21f44d87f6c065b439959a3') in 0.005441 seconds
  Import took 0.010246 seconds .

========================================================================
Received Import Request.
  Time since last request: 0.001495 seconds.
  path: Assets/Samples/Traverser
  artifactKey: Guid(96a9d3e40cc89384caccafd3f74e0f4a) Importer(815301076,1909f56bfc062723c751e8b465ee728b)
Start importing Assets/Samples/Traverser using Guid(96a9d3e40cc89384caccafd3f74e0f4a) Importer(815301076,1909f56bfc062723c751e8b465ee728b)  -> (artifact id: '9409aa60a21f44d87f6c065b439959a3') in 0.001724 seconds
  Import took 0.006877 seconds .

========================================================================
Received Import Request.
  Time since last request: 0.625245 seconds.
  path: Assets/Samples/Traverser/1.0.0
  artifactKey: Guid(609d30eeb50e476489d8e375e8c42bd8) Importer(815301076,1909f56bfc062723c751e8b465ee728b)
Start importing Assets/Samples/Traverser/1.0.0 using Guid(609d30eeb50e476489d8e375e8c42bd8) Importer(815301076,1909f56bfc062723c751e8b465ee728b)  -> (artifact id: '700408075cece9c0ee4c41ceb0f6bce4') in 0.006307 seconds
  Import took 0.011688 seconds .

========================================================================
Received Import Request.
  Time since last request: 0.002311 seconds.
  path: Assets/Samples/Traverser/1.0.0
  artifactKey: Guid(609d30eeb50e476489d8e375e8c42bd8) Importer(815301076,1909f56bfc062723c751e8b465ee728b)
Start importing Assets/Samples/Traverser/1.0.0 using Guid(609d30eeb50e476489d8e375e8c42bd8) Importer(815301076,1909f56bfc062723c751e8b465ee728b)  -> (artifact id: '700408075cece9c0ee4c41ceb0f6bce4') in 0.001784 seconds
  Import took 0.006696 seconds .

========================================================================
Received Import Request.
  Time since last request: 3.031376 seconds.
  path: Assets/Samples/Traverser/1.0.0/Demo/Scenes/DemoScene.unity
  artifactKey: Guid(6af9b7f827b8e454a85178ffef0375c4) Importer(815301076,1909f56bfc062723c751e8b465ee728b)
Start importing Assets/Samples/Traverser/1.0.0/Demo/Scenes/DemoScene.unity using Guid(6af9b7f827b8e454a85178ffef0375c4) Importer(815301076,1909f56bfc062723c751e8b465ee728b)  -> (artifact id: '5110998a62cc59308b54bcb358227939') in 0.006763 seconds
  Import took 0.011575 seconds .

========================================================================
Received Import Request.
  Time since last request: 0.000400 seconds.
  path: Assets/Samples/Traverser/1.0.0/Demo/Scenes/DemoScene.unity
  artifactKey: Guid(6af9b7f827b8e454a85178ffef0375c4) Importer(815301076,1909f56bfc062723c751e8b465ee728b)
Start importing Assets/Samples/Traverser/1.0.0/Demo/Scenes/DemoScene.unity using Guid(6af9b7f827b8e454a85178ffef0375c4) Importer(815301076,1909f56bfc062723c751e8b465ee728b)  -> (artifact id: '5110998a62cc59308b54bcb358227939') in 0.001913 seconds
  Import took 0.006228 seconds .

========================================================================
Received Import Request.
  Time since last request: 23.142327 seconds.
  path: Assets/Samples/Traverser/1.0.0/Demo/Scenes/TestScene.unity
  artifactKey: Guid(a9d626a528f0f4b428c72f2cb99ff2b9) Importer(815301076,1909f56bfc062723c751e8b465ee728b)
Start importing Assets/Samples/Traverser/1.0.0/Demo/Scenes/TestScene.unity using Guid(a9d626a528f0f4b428c72f2cb99ff2b9) Importer(815301076,1909f56bfc062723c751e8b465ee728b)  -> (artifact id: '83b3404d21565cbad5200e7cc735f55a') in 0.005676 seconds
  Import took 0.010570 seconds .

========================================================================
Received Import Request.
  Time since last request: 0.004785 seconds.
  path: Assets/Samples/Traverser/1.0.0/Demo/Scenes/TestScene.unity
  artifactKey: Guid(a9d626a528f0f4b428c72f2cb99ff2b9) Importer(815301076,1909f56bfc062723c751e8b465ee728b)
Start importing Assets/Samples/Traverser/1.0.0/Demo/Scenes/TestScene.unity using Guid(a9d626a528f0f4b428c72f2cb99ff2b9) Importer(815301076,1909f56bfc062723c751e8b465ee728b)  -> (artifact id: '83b3404d21565cbad5200e7cc735f55a') in 0.002101 seconds
  Import took 0.006827 seconds .

========================================================================
Received Prepare
Registering precompiled user dll's ...
Registered in 0.001498 seconds.
Begin MonoManager ReloadAssembly
Native extension for WindowsStandalone target not found
Refreshing native plugins compatible for Editor in 0.70 ms, found 0 plugins.
Preloading 0 native plugins for Editor in 0.00 ms.
Invoked RoslynAnalysisRunner static constructor.
RoslynAnalysisRunner will not be running.
RoslynAnalysisRunner has terminated.
Mono: successfully reloaded assembly
- Completed reload, in  0.911 seconds
Platform modules already initialized, skipping
Refreshing native plugins compatible for Editor in 0.74 ms, found 0 plugins.
Preloading 0 native plugins for Editor in 0.00 ms.
Unloading 3235 Unused Serialized files (Serialized files now loaded: 0)
System memory in use before: 162.2 MB.
System memory in use after: 159.6 MB.

Unloading 39 unused Assets to reduce memory usage. Loaded Objects now: 3912.
Total: 4.565200 ms (FindLiveObjects: 0.787900 ms CreateObjectMapping: 0.289300 ms MarkObjects: 1.945900 ms  DeleteObjects: 1.541100 ms)

========================================================================
Received Prepare
Registering precompiled user dll's ...
Registered in 0.001305 seconds.
Begin MonoManager ReloadAssembly
Native extension for WindowsStandalone target not found
Refreshing native plugins compatible for Editor in 0.54 ms, found 0 plugins.
Preloading 0 native plugins for Editor in 0.00 ms.
Invoked RoslynAnalysisRunner static constructor.
RoslynAnalysisRunner will not be running.
RoslynAnalysisRunner has terminated.
Mono: successfully reloaded assembly
- Completed reload, in  0.831 seconds
Platform modules already initialized, skipping
Refreshing native plugins compatible for Editor in 0.57 ms, found 0 plugins.
Preloading 0 native plugins for Editor in 0.00 ms.
Unloading 3235 Unused Serialized files (Serialized files now loaded: 0)
System memory in use before: 162.3 MB.
System memory in use after: 159.7 MB.

Unloading 39 unused Assets to reduce memory usage. Loaded Objects now: 3914.
Total: 3.925700 ms (FindLiveObjects: 0.306600 ms CreateObjectMapping: 0.139700 ms MarkObjects: 1.829300 ms  DeleteObjects: 1.649300 ms)

========================================================================
Received Prepare
Registering precompiled user dll's ...
Registered in 0.001966 seconds.
Begin MonoManager ReloadAssembly
Native extension for WindowsStandalone target not found
Refreshing native plugins compatible for Editor in 0.53 ms, found 0 plugins.
Preloading 0 native plugins for Editor in 0.00 ms.
Invoked RoslynAnalysisRunner static constructor.
RoslynAnalysisRunner will not be running.
RoslynAnalysisRunner has terminated.
Mono: successfully reloaded assembly
- Completed reload, in  0.835 seconds
Platform modules already initialized, skipping
Refreshing native plugins compatible for Editor in 0.56 ms, found 0 plugins.
Preloading 0 native plugins for Editor in 0.00 ms.
Unloading 3235 Unused Serialized files (Serialized files now loaded: 0)
System memory in use before: 162.3 MB.
System memory in use after: 159.7 MB.

Unloading 39 unused Assets to reduce memory usage. Loaded Objects now: 3916.
Total: 4.226200 ms (FindLiveObjects: 0.332300 ms CreateObjectMapping: 0.086800 ms MarkObjects: 2.102800 ms  DeleteObjects: 1.703100 ms)

========================================================================
Received Prepare
Registering precompiled user dll's ...
Registered in 0.001341 seconds.
Begin MonoManager ReloadAssembly
Native extension for WindowsStandalone target not found
Refreshing native plugins compatible for Editor in 0.69 ms, found 0 plugins.
Preloading 0 native plugins for Editor in 0.00 ms.
Invoked RoslynAnalysisRunner static constructor.
RoslynAnalysisRunner will not be running.
RoslynAnalysisRunner has terminated.
Mono: successfully reloaded assembly
- Completed reload, in  0.863 seconds
Platform modules already initialized, skipping
Refreshing native plugins compatible for Editor in 0.54 ms, found 0 plugins.
Preloading 0 native plugins for Editor in 0.00 ms.
Unloading 3235 Unused Serialized files (Serialized files now loaded: 0)
System memory in use before: 162.3 MB.
System memory in use after: 159.7 MB.

Unloading 39 unused Assets to reduce memory usage. Loaded Objects now: 3918.
Total: 4.777600 ms (FindLiveObjects: 0.435900 ms CreateObjectMapping: 0.100700 ms MarkObjects: 1.884300 ms  DeleteObjects: 2.355700 ms)

========================================================================
Received Prepare
Registering precompiled user dll's ...
Registered in 0.001358 seconds.
Begin MonoManager ReloadAssembly
Native extension for WindowsStandalone target not found
Refreshing native plugins compatible for Editor in 1.32 ms, found 0 plugins.
Preloading 0 native plugins for Editor in 0.00 ms.
Invoked RoslynAnalysisRunner static constructor.
RoslynAnalysisRunner will not be running.
RoslynAnalysisRunner has terminated.
Mono: successfully reloaded assembly
- Completed reload, in  0.889 seconds
Platform modules already initialized, skipping
Refreshing native plugins compatible for Editor in 0.60 ms, found 0 plugins.
Preloading 0 native plugins for Editor in 0.00 ms.
Unloading 3235 Unused Serialized files (Serialized files now loaded: 0)
System memory in use before: 162.3 MB.
System memory in use after: 159.7 MB.

Unloading 39 unused Assets to reduce memory usage. Loaded Objects now: 3920.
Total: 4.421200 ms (FindLiveObjects: 0.520100 ms CreateObjectMapping: 0.110500 ms MarkObjects: 1.960900 ms  DeleteObjects: 1.828500 ms)

========================================================================
Received Prepare
Registering precompiled user dll's ...
Registered in 0.001432 seconds.
Begin MonoManager ReloadAssembly
Native extension for WindowsStandalone target not found
Refreshing native plugins compatible for Editor in 0.67 ms, found 0 plugins.
Preloading 0 native plugins for Editor in 0.00 ms.
Invoked RoslynAnalysisRunner static constructor.
RoslynAnalysisRunner will not be running.
RoslynAnalysisRunner has terminated.
Mono: successfully reloaded assembly
- Completed reload, in  0.856 seconds
Platform modules already initialized, skipping
Refreshing native plugins compatible for Editor in 0.60 ms, found 0 plugins.
Preloading 0 native plugins for Editor in 0.00 ms.
Unloading 3235 Unused Serialized files (Serialized files now loaded: 0)
System memory in use before: 162.4 MB.
System memory in use after: 159.7 MB.

Unloading 39 unused Assets to reduce memory usage. Loaded Objects now: 3922.
Total: 4.277600 ms (FindLiveObjects: 0.340600 ms CreateObjectMapping: 0.084400 ms MarkObjects: 1.884600 ms  DeleteObjects: 1.967000 ms)

========================================================================
Received Prepare
Registering precompiled user dll's ...
Registered in 0.001329 seconds.
Begin MonoManager ReloadAssembly
Native extension for WindowsStandalone target not found
Refreshing native plugins compatible for Editor in 0.55 ms, found 0 plugins.
Preloading 0 native plugins for Editor in 0.00 ms.
Invoked RoslynAnalysisRunner static constructor.
RoslynAnalysisRunner will not be running.
RoslynAnalysisRunner has terminated.
Mono: successfully reloaded assembly
- Completed reload, in  0.841 seconds
Platform modules already initialized, skipping
Refreshing native plugins compatible for Editor in 0.54 ms, found 0 plugins.
Preloading 0 native plugins for Editor in 0.00 ms.
Unloading 3235 Unused Serialized files (Serialized files now loaded: 0)
System memory in use before: 162.3 MB.
System memory in use after: 159.7 MB.

Unloading 39 unused Assets to reduce memory usage. Loaded Objects now: 3924.
Total: 3.855000 ms (FindLiveObjects: 0.311100 ms CreateObjectMapping: 0.084500 ms MarkObjects: 1.666500 ms  DeleteObjects: 1.792100 ms)

========================================================================
Received Prepare
Registering precompiled user dll's ...
Registered in 0.001312 seconds.
Begin MonoManager ReloadAssembly
Native extension for WindowsStandalone target not found
Refreshing native plugins compatible for Editor in 0.54 ms, found 0 plugins.
Preloading 0 native plugins for Editor in 0.00 ms.
Invoked RoslynAnalysisRunner static constructor.
RoslynAnalysisRunner will not be running.
RoslynAnalysisRunner has terminated.
Mono: successfully reloaded assembly
- Completed reload, in  0.834 seconds
Platform modules already initialized, skipping
Refreshing native plugins compatible for Editor in 0.56 ms, found 0 plugins.
Preloading 0 native plugins for Editor in 0.00 ms.
Unloading 3235 Unused Serialized files (Serialized files now loaded: 0)
System memory in use before: 162.4 MB.
System memory in use after: 159.8 MB.

Unloading 39 unused Assets to reduce memory usage. Loaded Objects now: 3926.
Total: 4.164300 ms (FindLiveObjects: 0.334300 ms CreateObjectMapping: 0.084500 ms MarkObjects: 1.900600 ms  DeleteObjects: 1.843900 ms)

========================================================================
Received Prepare
Registering precompiled user dll's ...
Registered in 0.001266 seconds.
Begin MonoManager ReloadAssembly
Native extension for WindowsStandalone target not found
Refreshing native plugins compatible for Editor in 0.54 ms, found 0 plugins.
Preloading 0 native plugins for Editor in 0.00 ms.
Invoked RoslynAnalysisRunner static constructor.
RoslynAnalysisRunner will not be running.
RoslynAnalysisRunner has terminated.
Mono: successfully reloaded assembly
- Completed reload, in  0.816 seconds
Platform modules already initialized, skipping
Refreshing native plugins compatible for Editor in 0.82 ms, found 0 plugins.
Preloading 0 native plugins for Editor in 0.00 ms.
Unloading 3235 Unused Serialized files (Serialized files now loaded: 0)
System memory in use before: 162.4 MB.
System memory in use after: 159.8 MB.

Unloading 39 unused Assets to reduce memory usage. Loaded Objects now: 3928.
Total: 3.901500 ms (FindLiveObjects: 0.300400 ms CreateObjectMapping: 0.092200 ms MarkObjects: 1.698500 ms  DeleteObjects: 1.809600 ms)

========================================================================
Received Prepare
Registering precompiled user dll's ...
Registered in 0.001333 seconds.
Begin MonoManager ReloadAssembly
Native extension for WindowsStandalone target not found
Refreshing native plugins compatible for Editor in 0.53 ms, found 0 plugins.
Preloading 0 native plugins for Editor in 0.00 ms.
Invoked RoslynAnalysisRunner static constructor.
RoslynAnalysisRunner will not be running.
RoslynAnalysisRunner has terminated.
Mono: successfully reloaded assembly
- Completed reload, in  0.836 seconds
Platform modules already initialized, skipping
Refreshing native plugins compatible for Editor in 0.56 ms, found 0 plugins.
Preloading 0 native plugins for Editor in 0.00 ms.
Unloading 3235 Unused Serialized files (Serialized files now loaded: 0)
System memory in use before: 162.3 MB.
System memory in use after: 159.7 MB.

Unloading 39 unused Assets to reduce memory usage. Loaded Objects now: 3930.
Total: 3.947700 ms (FindLiveObjects: 0.360900 ms CreateObjectMapping: 0.087300 ms MarkObjects: 1.679400 ms  DeleteObjects: 1.819000 ms)

AssetImportWorkerClient::OnTransportError - code=2 error=End of file
