Using pre-set license
Built from '2020.2/release' branch; Version is '2020.2.2f1 (068178b99f32) revision 426360'; Using compiler version '192528614'; Build Type 'Release'
OS: 'Windows 10 Pro; OS build 19043.1237; Version 2009; 64bit' Language: 'es' Physical Memory: 16297 MB
BatchMode: 1, IsHumanControllingUs: 0, StartBugReporterOnCrash: 0, Is64bit: 1, IsPro: 0

 COMMAND LINE ARGUMENTS:
C:\Program Files\Unity\Hub\Editor\2020.2.2f1\Editor\Unity.exe
-adb2
-batchMode
-noUpm
-name
AssetImportWorker0
-projectPath
C:/Users/simon/Desktop/TraverserPackageProject
-logFile
Logs/AssetImportWorker0.log
-srvPort
54998
Successfully changed project path to: C:/Users/simon/Desktop/TraverserPackageProject
C:/Users/simon/Desktop/TraverserPackageProject
Using Asset Import Pipeline V2.
Refreshing native plugins compatible for Editor in 28.28 ms, found 0 plugins.
Preloading 0 native plugins for Editor in 0.00 ms.
Initialize engine version: 2020.2.2f1 (068178b99f32)
[Subsystems] Discovering subsystems at path C:/Program Files/Unity/Hub/Editor/2020.2.2f1/Editor/Data/Resources/UnitySubsystems
[Subsystems] Discovering subsystems at path C:/Users/simon/Desktop/TraverserPackageProject/Assets
GfxDevice: creating device client; threaded=0
Direct3D:
    Version:  Direct3D 11.0 [level 11.1]
    Renderer: NVIDIA GeForce RTX 2070 SUPER (ID=0x1e84)
    Vendor:   
    VRAM:     8011 MB
    Driver:   27.21.14.6677
Initialize mono
Mono path[0] = 'C:/Program Files/Unity/Hub/Editor/2020.2.2f1/Editor/Data/Managed'
Mono path[1] = 'C:/Program Files/Unity/Hub/Editor/2020.2.2f1/Editor/Data/MonoBleedingEdge/lib/mono/unityjit'
Mono config path = 'C:/Program Files/Unity/Hub/Editor/2020.2.2f1/Editor/Data/MonoBleedingEdge/etc'
Using monoOptions --debugger-agent=transport=dt_socket,embedding=1,server=y,suspend=n,address=127.0.0.1:56264
Begin MonoManager ReloadAssembly
Registering precompiled unity dll's ...
Register platform support module: C:/Program Files/Unity/Hub/Editor/2020.2.2f1/Editor/Data/PlaybackEngines/WindowsStandaloneSupport/UnityEditor.WindowsStandalone.Extensions.dll
Registered in 0.001226 seconds.
Native extension for WindowsStandalone target not found
Refreshing native plugins compatible for Editor in 29.31 ms, found 0 plugins.
Preloading 0 native plugins for Editor in 0.00 ms.
Invoked RoslynAnalysisRunner static constructor.
RoslynAnalysisRunner will not be running.
RoslynAnalysisRunner has terminated.
Mono: successfully reloaded assembly
- Completed reload, in  0.762 seconds
Platform modules already initialized, skipping
Registering precompiled user dll's ...
Registered in 0.000923 seconds.
Begin MonoManager ReloadAssembly
Native extension for WindowsStandalone target not found
Refreshing native plugins compatible for Editor in 29.33 ms, found 0 plugins.
Preloading 0 native plugins for Editor in 0.00 ms.
Invoked RoslynAnalysisRunner static constructor.
RoslynAnalysisRunner will not be running.
RoslynAnalysisRunner has terminated.
Mono: successfully reloaded assembly
- Completed reload, in  1.289 seconds
Platform modules already initialized, skipping
========================================================================
Worker process is ready to serve import requests
Launched and connected shader compiler UnityShaderCompiler.exe after 0.03 seconds
Refreshing native plugins compatible for Editor in 0.27 ms, found 0 plugins.
Preloading 0 native plugins for Editor in 0.00 ms.
Unloading 1945 Unused Serialized files (Serialized files now loaded: 0)
System memory in use before: 91.6 MB.
System memory in use after: 91.7 MB.

Unloading 14 unused Assets to reduce memory usage. Loaded Objects now: 2387.
Total: 2.070400 ms (FindLiveObjects: 0.233800 ms CreateObjectMapping: 0.048900 ms MarkObjects: 1.730400 ms  DeleteObjects: 0.056200 ms)

========================================================================
Received Import Request.
  path: Assets/Traverser
  artifactKey: Guid(243e26ea249ac3945954b2deb9922af5) Importer(815301076,1909f56bfc062723c751e8b465ee728b)
Start importing Assets/Traverser using Guid(243e26ea249ac3945954b2deb9922af5) Importer(815301076,1909f56bfc062723c751e8b465ee728b)  -> (artifact id: '6360f3f557cdc3a16fe744caad4bbe84') in 0.007489 seconds
  Import took 0.009993 seconds .

========================================================================
Received Prepare
Registering precompiled user dll's ...
Registered in 0.001182 seconds.
Begin MonoManager ReloadAssembly
Native extension for WindowsStandalone target not found
Refreshing native plugins compatible for Editor in 0.29 ms, found 0 plugins.
Preloading 0 native plugins for Editor in 0.00 ms.
Invoked RoslynAnalysisRunner static constructor.
RoslynAnalysisRunner will not be running.
RoslynAnalysisRunner has terminated.
Mono: successfully reloaded assembly
- Completed reload, in  0.744 seconds
Platform modules already initialized, skipping
Refreshing native plugins compatible for Editor in 0.29 ms, found 0 plugins.
Preloading 0 native plugins for Editor in 0.00 ms.
Unloading 1937 Unused Serialized files (Serialized files now loaded: 0)
System memory in use before: 91.6 MB.
System memory in use after: 91.7 MB.

Unloading 8 unused Assets to reduce memory usage. Loaded Objects now: 2395.
Total: 1.853500 ms (FindLiveObjects: 0.177300 ms CreateObjectMapping: 0.042000 ms MarkObjects: 1.590200 ms  DeleteObjects: 0.043200 ms)

========================================================================
Received Import Request.
  Time since last request: 135.836389 seconds.
  path: Assets/Traverser/Runtime/Scripts
  artifactKey: Guid(5b9d6e4070f2a244ca915f50045e3660) Importer(815301076,1909f56bfc062723c751e8b465ee728b)
Start importing Assets/Traverser/Runtime/Scripts using Guid(5b9d6e4070f2a244ca915f50045e3660) Importer(815301076,1909f56bfc062723c751e8b465ee728b)  -> (artifact id: '1ebe82feb84d102fea626053ce160cd3') in 0.007726 seconds
  Import took 0.010345 seconds .

========================================================================
Received Import Request.
  Time since last request: 0.004661 seconds.
  path: Assets/Traverser/Runtime/Scripts/ScriptableObjects/TraverserParkourData.cs
  artifactKey: Guid(756e5c001c7c05845b430eeb90f346bb) Importer(815301076,1909f56bfc062723c751e8b465ee728b)
Start importing Assets/Traverser/Runtime/Scripts/ScriptableObjects/TraverserParkourData.cs using Guid(756e5c001c7c05845b430eeb90f346bb) Importer(815301076,1909f56bfc062723c751e8b465ee728b)  -> (artifact id: 'fa6deead6ccf04fdd4296c80d8896376') in 0.020567 seconds
  Import took 0.023049 seconds .

========================================================================
Received Import Request.
  Time since last request: 0.004654 seconds.
  path: Assets/Traverser/Runtime/Scripts/ScriptableObjects/AgentLocomotionData.asset
  artifactKey: Guid(c7c06b04f0fb89449b4c1601b6c22310) Importer(815301076,1909f56bfc062723c751e8b465ee728b)
Start importing Assets/Traverser/Runtime/Scripts/ScriptableObjects/AgentLocomotionData.asset using Guid(c7c06b04f0fb89449b4c1601b6c22310) Importer(815301076,1909f56bfc062723c751e8b465ee728b)  -> (artifact id: '72ff96a26ee3abdc518e5699173b37ce') in 0.014487 seconds
  Import took 0.016959 seconds .

========================================================================
Received Import Request.
  Time since last request: 0.004201 seconds.
  path: Assets/Traverser/Runtime/Scripts/ScriptableObjects/AgentClimbingData.asset
  artifactKey: Guid(b678b7f44b1c9824fadc2b58a3fd82d6) Importer(815301076,1909f56bfc062723c751e8b465ee728b)
Start importing Assets/Traverser/Runtime/Scripts/ScriptableObjects/AgentClimbingData.asset using Guid(b678b7f44b1c9824fadc2b58a3fd82d6) Importer(815301076,1909f56bfc062723c751e8b465ee728b)  -> (artifact id: '00ef2080f7fba11cff98029898533679') in 0.007582 seconds
  Import took 0.010051 seconds .

========================================================================
Received Import Request.
  Time since last request: 0.004333 seconds.
  path: Assets/Traverser/Runtime/Scripts/Controller/TraverserRagdollController.cs
  artifactKey: Guid(ac81c57d7ca573b48a185901200ad557) Importer(815301076,1909f56bfc062723c751e8b465ee728b)
Start importing Assets/Traverser/Runtime/Scripts/Controller/TraverserRagdollController.cs using Guid(ac81c57d7ca573b48a185901200ad557) Importer(815301076,1909f56bfc062723c751e8b465ee728b)  -> (artifact id: '731342c6335e4901ad0cc3072b86cbfd') in 0.005170 seconds
  Import took 0.007677 seconds .

========================================================================
Received Import Request.
  Time since last request: 0.002773 seconds.
  path: Assets/Traverser/Runtime/Scripts/Input
  artifactKey: Guid(3b4fa288d1d54064c886837760a5c346) Importer(815301076,1909f56bfc062723c751e8b465ee728b)
Start importing Assets/Traverser/Runtime/Scripts/Input using Guid(3b4fa288d1d54064c886837760a5c346) Importer(815301076,1909f56bfc062723c751e8b465ee728b)  -> (artifact id: 'a4b4418036684ab0201483a0aa9c9bc8') in 0.003932 seconds
  Import took 0.006476 seconds .

========================================================================
Received Import Request.
  Time since last request: 0.004132 seconds.
  path: Assets/Traverser/Runtime/Scripts/ScriptableObjects/DefaultRagdollProfile.asset
  artifactKey: Guid(93f7169e99e18614cabb1a3b41ece54a) Importer(815301076,1909f56bfc062723c751e8b465ee728b)
Start importing Assets/Traverser/Runtime/Scripts/ScriptableObjects/DefaultRagdollProfile.asset using Guid(93f7169e99e18614cabb1a3b41ece54a) Importer(815301076,1909f56bfc062723c751e8b465ee728b)  -> (artifact id: '9cfd2d92d2fefc42f8304878156f09eb') in 0.007138 seconds
  Import took 0.009573 seconds .

========================================================================
Received Import Request.
  Time since last request: 0.004480 seconds.
  path: Assets/Traverser/Runtime/Scripts/ScriptableObjects/AgentParkourData.asset
  artifactKey: Guid(57b0340850686c540a5b0716d5285217) Importer(815301076,1909f56bfc062723c751e8b465ee728b)
Start importing Assets/Traverser/Runtime/Scripts/ScriptableObjects/AgentParkourData.asset using Guid(57b0340850686c540a5b0716d5285217) Importer(815301076,1909f56bfc062723c751e8b465ee728b)  -> (artifact id: '92112b8365d3f96cf189b1f3b9126784') in 0.006943 seconds
  Import took 0.009422 seconds .

========================================================================
Received Import Request.
  Time since last request: 0.004428 seconds.
  path: Assets/Traverser/Runtime/Scripts/Controller/TraverserAbilityController.cs
  artifactKey: Guid(c0a5e42cf4f102b41b7e8e376e12d0cd) Importer(815301076,1909f56bfc062723c751e8b465ee728b)
Start importing Assets/Traverser/Runtime/Scripts/Controller/TraverserAbilityController.cs using Guid(c0a5e42cf4f102b41b7e8e376e12d0cd) Importer(815301076,1909f56bfc062723c751e8b465ee728b)  -> (artifact id: '7def37d00f3abad64ee09391bbb46df9') in 0.004395 seconds
  Import took 0.006767 seconds .

========================================================================
Received Import Request.
  Time since last request: 0.004216 seconds.
  path: Assets/Traverser/Runtime/Scripts/Utilities/TraverserTransition.cs
  artifactKey: Guid(7ff1108e7cc3e61429098b28c05c8b4a) Importer(815301076,1909f56bfc062723c751e8b465ee728b)
Start importing Assets/Traverser/Runtime/Scripts/Utilities/TraverserTransition.cs using Guid(7ff1108e7cc3e61429098b28c05c8b4a) Importer(815301076,1909f56bfc062723c751e8b465ee728b)  -> (artifact id: '368adbd399b414015a1d2c9f21b948e3') in 0.004598 seconds
  Import took 0.007001 seconds .

========================================================================
Received Import Request.
  Time since last request: 0.004522 seconds.
  path: Assets/Traverser/Runtime/Scripts/Abilities/TraverserLocomotionAbility.cs
  artifactKey: Guid(04ada65e61b5509409a184339805abd8) Importer(815301076,1909f56bfc062723c751e8b465ee728b)
Start importing Assets/Traverser/Runtime/Scripts/Abilities/TraverserLocomotionAbility.cs using Guid(04ada65e61b5509409a184339805abd8) Importer(815301076,1909f56bfc062723c751e8b465ee728b)  -> (artifact id: 'bd568d2d7f0d67617d926a3fb4553dde') in 0.004453 seconds
  Import took 0.006924 seconds .

========================================================================
Received Import Request.
  Time since last request: 0.004364 seconds.
  path: Assets/Traverser/Runtime/Scripts/ScriptableObjects/ClimbingRagdollProfile.asset
  artifactKey: Guid(9ab96299282b5214ea9645b4928a938d) Importer(815301076,1909f56bfc062723c751e8b465ee728b)
Start importing Assets/Traverser/Runtime/Scripts/ScriptableObjects/ClimbingRagdollProfile.asset using Guid(9ab96299282b5214ea9645b4928a938d) Importer(815301076,1909f56bfc062723c751e8b465ee728b)  -> (artifact id: 'cdcf0f926fc5481a8aeab186944343fd') in 0.004757 seconds
  Import took 0.007335 seconds .

========================================================================
Received Import Request.
  Time since last request: 0.002906 seconds.
  path: Assets/Traverser/Runtime/Scripts/Utilities
  artifactKey: Guid(dd58c0b323b459a429a5cb62817c5c85) Importer(815301076,1909f56bfc062723c751e8b465ee728b)
Start importing Assets/Traverser/Runtime/Scripts/Utilities using Guid(dd58c0b323b459a429a5cb62817c5c85) Importer(815301076,1909f56bfc062723c751e8b465ee728b)  -> (artifact id: '0fe14a3e6d616efc7fc7f10a7261c558') in 0.004099 seconds
  Import took 0.006483 seconds .

========================================================================
Received Import Request.
  Time since last request: 0.004462 seconds.
  path: Assets/Traverser/Runtime/Scripts/Controller/TraverserCharacterController.Private.cs
  artifactKey: Guid(d87c6ded256ca8942a0f3a29da5d3f0f) Importer(815301076,1909f56bfc062723c751e8b465ee728b)
Start importing Assets/Traverser/Runtime/Scripts/Controller/TraverserCharacterController.Private.cs using Guid(d87c6ded256ca8942a0f3a29da5d3f0f) Importer(815301076,1909f56bfc062723c751e8b465ee728b)  -> (artifact id: '29b2748f5b5b25bee22a89483591b762') in 0.004422 seconds
  Import took 0.006844 seconds .

========================================================================
Received Import Request.
  Time since last request: 0.004502 seconds.
  path: Assets/Traverser/Runtime/Scripts/Environment/TraverserParkourObject.cs
  artifactKey: Guid(52399dc4397a8f54f9f52fe01a539b90) Importer(815301076,1909f56bfc062723c751e8b465ee728b)
Start importing Assets/Traverser/Runtime/Scripts/Environment/TraverserParkourObject.cs using Guid(52399dc4397a8f54f9f52fe01a539b90) Importer(815301076,1909f56bfc062723c751e8b465ee728b)  -> (artifact id: 'aaa6611153d2a82d87bf8a1a44638985') in 0.004237 seconds
  Import took 0.006662 seconds .

========================================================================
Received Import Request.
  Time since last request: 0.006224 seconds.
  path: Assets/Traverser/TraverserDocumentation.pdf
  artifactKey: Guid(79a92199e725c374889856ace69366e6) Importer(815301076,1909f56bfc062723c751e8b465ee728b)
Start importing Assets/Traverser/TraverserDocumentation.pdf using Guid(79a92199e725c374889856ace69366e6) Importer(815301076,1909f56bfc062723c751e8b465ee728b)  -> (artifact id: 'e0952c4cf32ac2ee6c02af2d265cf866') in 0.007574 seconds
  Import took 0.010138 seconds .

========================================================================
Received Import Request.
  Time since last request: 0.002859 seconds.
  path: Assets/Traverser/Runtime/Scripts/Controller
  artifactKey: Guid(f729cf943f06da4498982033b36ce430) Importer(815301076,1909f56bfc062723c751e8b465ee728b)
Start importing Assets/Traverser/Runtime/Scripts/Controller using Guid(f729cf943f06da4498982033b36ce430) Importer(815301076,1909f56bfc062723c751e8b465ee728b)  -> (artifact id: '7a497ac8158901b161dca6489d356d95') in 0.004177 seconds
  Import took 0.006653 seconds .

========================================================================
Received Import Request.
  Time since last request: 0.004377 seconds.
  path: Assets/Traverser/Runtime/Scripts/ScriptableObjects/TraverserRagdollProfile.cs
  artifactKey: Guid(a460ec869d7fd954c9deae5ca114b73c) Importer(815301076,1909f56bfc062723c751e8b465ee728b)
Start importing Assets/Traverser/Runtime/Scripts/ScriptableObjects/TraverserRagdollProfile.cs using Guid(a460ec869d7fd954c9deae5ca114b73c) Importer(815301076,1909f56bfc062723c751e8b465ee728b)  -> (artifact id: 'c3efda3390d98797027f1cb5227dfde1') in 0.004361 seconds
  Import took 0.006837 seconds .

========================================================================
Received Import Request.
  Time since last request: 0.004336 seconds.
  path: Assets/Traverser/Scenes/DemoScene.unity
  artifactKey: Guid(c25b659582ec4a14987a3012a65b4e8c) Importer(815301076,1909f56bfc062723c751e8b465ee728b)
Start importing Assets/Traverser/Scenes/DemoScene.unity using Guid(c25b659582ec4a14987a3012a65b4e8c) Importer(815301076,1909f56bfc062723c751e8b465ee728b)  -> (artifact id: 'd506eee8bdeedac906c61e5177d45966') in 0.004566 seconds
  Import took 0.007025 seconds .

========================================================================
Received Import Request.
  Time since last request: 0.004568 seconds.
  path: Assets/Traverser/Runtime/Scripts/ScriptableObjects/BlendProfile.asset
  artifactKey: Guid(086a5d637d1be384e896aa45022529ea) Importer(815301076,1909f56bfc062723c751e8b465ee728b)
Start importing Assets/Traverser/Runtime/Scripts/ScriptableObjects/BlendProfile.asset using Guid(086a5d637d1be384e896aa45022529ea) Importer(815301076,1909f56bfc062723c751e8b465ee728b)  -> (artifact id: '0d099bb75aab0e4b200049515ec25601') in 0.004671 seconds
  Import took 0.007151 seconds .

========================================================================
Received Import Request.
  Time since last request: 0.002944 seconds.
  path: Assets/Traverser/Runtime/Scripts/Abilities
  artifactKey: Guid(f03043d63a52a2e4492153d52b5fc251) Importer(815301076,1909f56bfc062723c751e8b465ee728b)
Start importing Assets/Traverser/Runtime/Scripts/Abilities using Guid(f03043d63a52a2e4492153d52b5fc251) Importer(815301076,1909f56bfc062723c751e8b465ee728b)  -> (artifact id: 'e5f1c32203ee07fa3a499b62cf8dc074') in 0.004209 seconds
  Import took 0.006631 seconds .

========================================================================
Received Import Request.
  Time since last request: 0.002871 seconds.
  path: Assets/Traverser/Runtime
  artifactKey: Guid(602b61f184e1e4748bafc1f372051139) Importer(815301076,1909f56bfc062723c751e8b465ee728b)
Start importing Assets/Traverser/Runtime using Guid(602b61f184e1e4748bafc1f372051139) Importer(815301076,1909f56bfc062723c751e8b465ee728b)  -> (artifact id: 'd00ed37697173891f9364dd6e12aacae') in 0.004459 seconds
  Import took 0.006869 seconds .

========================================================================
Received Import Request.
  Time since last request: 0.002920 seconds.
  path: Assets/Traverser/Scenes
  artifactKey: Guid(56333582087eeef4b83af3ba9140ae77) Importer(815301076,1909f56bfc062723c751e8b465ee728b)
Start importing Assets/Traverser/Scenes using Guid(56333582087eeef4b83af3ba9140ae77) Importer(815301076,1909f56bfc062723c751e8b465ee728b)  -> (artifact id: '4b3f8a48374dc1c5e132744467b63d62') in 0.004070 seconds
  Import took 0.006509 seconds .

========================================================================
Received Import Request.
  Time since last request: 0.004226 seconds.
  path: Assets/Traverser/Runtime/aitorsimona.traverser.runtime.asmdef
  artifactKey: Guid(7ddb2c7f6c54e204f9d3d29261011166) Importer(815301076,1909f56bfc062723c751e8b465ee728b)
Start importing Assets/Traverser/Runtime/aitorsimona.traverser.runtime.asmdef using Guid(7ddb2c7f6c54e204f9d3d29261011166) Importer(815301076,1909f56bfc062723c751e8b465ee728b)  -> (artifact id: '3012f0b26208802b55d16676242aa7d4') in 0.005514 seconds
  Import took 0.008008 seconds .

========================================================================
Received Import Request.
  Time since last request: 0.004715 seconds.
  path: Assets/Traverser/Runtime/Scripts/Environment/TraverserLedgeObject.cs
  artifactKey: Guid(e7a750accdd97e249952713fb8298137) Importer(815301076,1909f56bfc062723c751e8b465ee728b)
Start importing Assets/Traverser/Runtime/Scripts/Environment/TraverserLedgeObject.cs using Guid(e7a750accdd97e249952713fb8298137) Importer(815301076,1909f56bfc062723c751e8b465ee728b)  -> (artifact id: '14d9dad50097ea50a9f0bd4806361e9d') in 0.004832 seconds
  Import took 0.007421 seconds .

========================================================================
Received Import Request.
  Time since last request: 0.004565 seconds.
  path: Assets/Traverser/Runtime/Scripts/ScriptableObjects/CurrentRagdollProfile.asset
  artifactKey: Guid(f459b6c851bd5b14987819fc24dc66b3) Importer(815301076,1909f56bfc062723c751e8b465ee728b)
Start importing Assets/Traverser/Runtime/Scripts/ScriptableObjects/CurrentRagdollProfile.asset using Guid(f459b6c851bd5b14987819fc24dc66b3) Importer(815301076,1909f56bfc062723c751e8b465ee728b)  -> (artifact id: 'be7f1bacec36ae06dfe0ba113ca73666') in 0.004832 seconds
  Import took 0.007314 seconds .

========================================================================
Received Import Request.
  Time since last request: 0.004706 seconds.
  path: Assets/Traverser/package.json
  artifactKey: Guid(4267a2f4f5f33c24a88b5a06afc1f495) Importer(815301076,1909f56bfc062723c751e8b465ee728b)
Start importing Assets/Traverser/package.json using Guid(4267a2f4f5f33c24a88b5a06afc1f495) Importer(815301076,1909f56bfc062723c751e8b465ee728b)  -> (artifact id: 'f9b6ae832a5d29fa4809f0940bd8a074') in 0.006701 seconds
  Import took 0.009157 seconds .

========================================================================
Received Import Request.
  Time since last request: 0.004187 seconds.
  path: Assets/Traverser/Runtime/Scripts/Utilities/TraverserRagdollJoint.cs
  artifactKey: Guid(48a48c58844d5064197a0335d81e8d44) Importer(815301076,1909f56bfc062723c751e8b465ee728b)
Start importing Assets/Traverser/Runtime/Scripts/Utilities/TraverserRagdollJoint.cs using Guid(48a48c58844d5064197a0335d81e8d44) Importer(815301076,1909f56bfc062723c751e8b465ee728b)  -> (artifact id: '725198b959530cb81ccb830a717dcc58') in 0.004523 seconds
  Import took 0.006926 seconds .

========================================================================
Received Import Request.
  Time since last request: 0.004649 seconds.
  path: Assets/Traverser/Runtime/Scripts/Abilities/TraverserAbility.cs
  artifactKey: Guid(ced2caf630ea2ad4eb359c009f7383c5) Importer(815301076,1909f56bfc062723c751e8b465ee728b)
Start importing Assets/Traverser/Runtime/Scripts/Abilities/TraverserAbility.cs using Guid(ced2caf630ea2ad4eb359c009f7383c5) Importer(815301076,1909f56bfc062723c751e8b465ee728b)  -> (artifact id: '75f26741cb5e52ccb4568d456cca476b') in 0.004249 seconds
  Import took 0.006736 seconds .

========================================================================
Received Import Request.
  Time since last request: 0.004427 seconds.
  path: Assets/Traverser/Runtime/Scripts/Utilities/TraverserTransform.cs
  artifactKey: Guid(a77fec170df859e4aaecaea9fb536421) Importer(815301076,1909f56bfc062723c751e8b465ee728b)
Start importing Assets/Traverser/Runtime/Scripts/Utilities/TraverserTransform.cs using Guid(a77fec170df859e4aaecaea9fb536421) Importer(815301076,1909f56bfc062723c751e8b465ee728b)  -> (artifact id: 'a008c215c318d192bb4a55473f9a9ab8') in 0.004166 seconds
  Import took 0.006640 seconds .

========================================================================
Received Import Request.
  Time since last request: 0.003061 seconds.
  path: Assets/Traverser/Runtime/Scripts/Environment
  artifactKey: Guid(c9381f228db13b340bd52e46714bfd97) Importer(815301076,1909f56bfc062723c751e8b465ee728b)
Start importing Assets/Traverser/Runtime/Scripts/Environment using Guid(c9381f228db13b340bd52e46714bfd97) Importer(815301076,1909f56bfc062723c751e8b465ee728b)  -> (artifact id: '2b92bd023812220d3fe02ef15a91b898') in 0.004111 seconds
  Import took 0.006543 seconds .

========================================================================
Received Import Request.
  Time since last request: 0.004286 seconds.
  path: Assets/Traverser/Runtime/Scripts/Controller/TraverserAnimationController.cs
  artifactKey: Guid(a06f00b5bdec4ef4299c0317e68bc837) Importer(815301076,1909f56bfc062723c751e8b465ee728b)
Start importing Assets/Traverser/Runtime/Scripts/Controller/TraverserAnimationController.cs using Guid(a06f00b5bdec4ef4299c0317e68bc837) Importer(815301076,1909f56bfc062723c751e8b465ee728b)  -> (artifact id: 'a9e72e45f4528c7934c474e6956571ef') in 0.004329 seconds
  Import took 0.006715 seconds .

========================================================================
Received Import Request.
  Time since last request: 0.004260 seconds.
  path: Assets/Traverser/Runtime/Scripts/Abilities/TraverserParkourAbility.cs
  artifactKey: Guid(7e3acd60aa110c5459b4f4696d1c34a4) Importer(815301076,1909f56bfc062723c751e8b465ee728b)
Start importing Assets/Traverser/Runtime/Scripts/Abilities/TraverserParkourAbility.cs using Guid(7e3acd60aa110c5459b4f4696d1c34a4) Importer(815301076,1909f56bfc062723c751e8b465ee728b)  -> (artifact id: '4477339668e66005fc3e2f31803ba1c3') in 0.004093 seconds
  Import took 0.006562 seconds .

========================================================================
Received Import Request.
  Time since last request: 0.004677 seconds.
  path: Assets/Traverser/Runtime/Scripts/ScriptableObjects/ClimbingFreehangTransitionRagdollProfile.asset
  artifactKey: Guid(28955cab073b8d84db5fca90beb059e4) Importer(815301076,1909f56bfc062723c751e8b465ee728b)
Start importing Assets/Traverser/Runtime/Scripts/ScriptableObjects/ClimbingFreehangTransitionRagdollProfile.asset using Guid(28955cab073b8d84db5fca90beb059e4) Importer(815301076,1909f56bfc062723c751e8b465ee728b)  -> (artifact id: 'bf2ffc4520cea8e8569927d2a35dbb42') in 0.004574 seconds
  Import took 0.007014 seconds .

========================================================================
Received Import Request.
  Time since last request: 0.002917 seconds.
  path: Assets/Traverser/Runtime/Scripts/ScriptableObjects
  artifactKey: Guid(01852c5d5548cba438eda5ef7775a264) Importer(815301076,1909f56bfc062723c751e8b465ee728b)
Start importing Assets/Traverser/Runtime/Scripts/ScriptableObjects using Guid(01852c5d5548cba438eda5ef7775a264) Importer(815301076,1909f56bfc062723c751e8b465ee728b)  -> (artifact id: '8043eb6374083cf0e22367749fff7deb') in 0.004005 seconds
  Import took 0.006358 seconds .

========================================================================
Received Import Request.
  Time since last request: 0.004432 seconds.
  path: Assets/Traverser/Runtime/Scripts/Controller/TraverserCharacterController.cs
  artifactKey: Guid(16cebefab27c50e4e9360de1a2ba827d) Importer(815301076,1909f56bfc062723c751e8b465ee728b)
Start importing Assets/Traverser/Runtime/Scripts/Controller/TraverserCharacterController.cs using Guid(16cebefab27c50e4e9360de1a2ba827d) Importer(815301076,1909f56bfc062723c751e8b465ee728b)  -> (artifact id: 'a67f07612989bac95ebf8cbb7d329678') in 0.004422 seconds
  Import took 0.006924 seconds .

========================================================================
Received Import Request.
  Time since last request: 0.004368 seconds.
  path: Assets/Traverser/Runtime/Scripts/Environment/TraverserClimbingObject.cs
  artifactKey: Guid(6caa33fa36b0c8d47ab2b106aad5ad17) Importer(815301076,1909f56bfc062723c751e8b465ee728b)
Start importing Assets/Traverser/Runtime/Scripts/Environment/TraverserClimbingObject.cs using Guid(6caa33fa36b0c8d47ab2b106aad5ad17) Importer(815301076,1909f56bfc062723c751e8b465ee728b)  -> (artifact id: 'd077882c39e5b259f834b4d446d93893') in 0.004093 seconds
  Import took 0.006503 seconds .

========================================================================
Received Import Request.
  Time since last request: 0.004334 seconds.
  path: Assets/Traverser/Runtime/Scripts/ScriptableObjects/TraverserClimbingData.cs
  artifactKey: Guid(367ea2cd9327bc94eb30537f4350cbfe) Importer(815301076,1909f56bfc062723c751e8b465ee728b)
Start importing Assets/Traverser/Runtime/Scripts/ScriptableObjects/TraverserClimbingData.cs using Guid(367ea2cd9327bc94eb30537f4350cbfe) Importer(815301076,1909f56bfc062723c751e8b465ee728b)  -> (artifact id: 'b1909f2125a62e0305153e3fd2be22fe') in 0.003993 seconds
  Import took 0.006366 seconds .

========================================================================
Received Import Request.
  Time since last request: 0.004392 seconds.
  path: Assets/Traverser/Runtime/Scripts/ScriptableObjects/TraverserLocomotionData.cs
  artifactKey: Guid(354cc4a6ba6d5f642ac4096197abe448) Importer(815301076,1909f56bfc062723c751e8b465ee728b)
Start importing Assets/Traverser/Runtime/Scripts/ScriptableObjects/TraverserLocomotionData.cs using Guid(354cc4a6ba6d5f642ac4096197abe448) Importer(815301076,1909f56bfc062723c751e8b465ee728b)  -> (artifact id: '5ad017843d73b2bae14fea01c6996e0b') in 0.004161 seconds
  Import took 0.006613 seconds .

========================================================================
Received Import Request.
  Time since last request: 0.004089 seconds.
  path: Assets/Traverser/Runtime/Scripts/Abilities/TraverserClimbingAbility.cs
  artifactKey: Guid(281a5dfa61455e94fbe404ff1e632d9b) Importer(815301076,1909f56bfc062723c751e8b465ee728b)
Start importing Assets/Traverser/Runtime/Scripts/Abilities/TraverserClimbingAbility.cs using Guid(281a5dfa61455e94fbe404ff1e632d9b) Importer(815301076,1909f56bfc062723c751e8b465ee728b)  -> (artifact id: '390f7742621729d1d94e32007cc8b173') in 0.004233 seconds
  Import took 0.006718 seconds .

========================================================================
Received Import Request.
  Time since last request: 0.004954 seconds.
  path: Assets/Traverser/Runtime/Scripts/Input/TraverserInputController.cs
  artifactKey: Guid(aba105fc4bebd3c4d8f400ee02f28793) Importer(815301076,1909f56bfc062723c751e8b465ee728b)
Start importing Assets/Traverser/Runtime/Scripts/Input/TraverserInputController.cs using Guid(aba105fc4bebd3c4d8f400ee02f28793) Importer(815301076,1909f56bfc062723c751e8b465ee728b)  -> (artifact id: 'cc61880a7dc4208054499300beffedba') in 0.004123 seconds
  Import took 0.006553 seconds .

AssetImportWorkerClient::OnTransportError - code=2 error=End of file
